[01-06 20:52:03]: [INFO] Created column 'regdate' and set the current timestamp, 1736193123280, to all 0 rows
[01-06 20:52:03]: [INFO] SQLite Setup finished
[01-06 20:52:04]: [INFO] No supported permissions system found! Permissions are disabled!
[01-06 20:52:10]: [INFO] 
    ___         __  __    __  ___   
   /   | __  __/ /_/ /_  /  |/  /__ 
  / /| |/ / / / __/ __ \/ /|_/ / _ \
 / ___ / /_/ / /_/ / / / /  / /  __/
/_/  |_\__,_/\__/_/ /_/_/  /_/\___/ 
                                    
[01-06 20:52:10]: [INFO] AuthMeReReloaded is running on Paper
[01-06 20:52:10]: [INFO] AuthMeReReloaded is enabled successfully!
[01-06 20:52:10]: [INFO] GitHub: https://github.com/HaHaWTH/AuthMeReReloaded/
[01-06 20:52:10]: [INFO] Checking for updates...
[01-06 20:52:12]: [INFO] You are running the latest version.
[01-06 20:52:59]: [INFO:FINE] Jockooooo registered 46.161.108.247
[01-06 20:52:59]: [INFO:FINE] Jockooooo logged in 46.161.108.247
[01-06 20:53:12]: [INFO:FINE] Jockooooo logged in 46.161.108.247
[01-06 20:53:21]: [INFO] AuthMe 5.7.0-FORK-b53 is unloaded successfully!
[01-06 20:54:55]: [INFO] SQLite Setup finished
[01-06 20:54:56]: [INFO] No supported permissions system found! Permissions are disabled!
[01-06 20:55:00]: [INFO] 
    ___         __  __    __  ___   
   /   | __  __/ /_/ /_  /  |/  /__ 
  / /| |/ / / / __/ __ \/ /|_/ / _ \
 / ___ / /_/ / /_/ / / / /  / /  __/
/_/  |_\__,_/\__/_/ /_/_/  /_/\___/ 
                                    
[01-06 20:55:00]: [INFO] AuthMeReReloaded is running on Paper
[01-06 20:55:00]: [INFO] AuthMeReReloaded is enabled successfully!
[01-06 20:55:00]: [INFO] GitHub: https://github.com/HaHaWTH/AuthMeReReloaded/
[01-06 20:55:00]: [INFO] Checking for updates...
[01-06 20:55:02]: [INFO] You are running the latest version.
[01-06 20:55:09]: [INFO:FINE] Jockooooo logged in 46.161.108.247
