[22:31:54] [ServerMain/INFO]: [bootstrap] Running Java 21 (OpenJDK 64-Bit Server VM 21.0.5+11-Ubuntu-1ubuntu122.04; Ubuntu null) on Linux 5.15.0-25-generic (amd64)
[22:31:54] [ServerMain/INFO]: [bootstrap] Loading Paper 1.21-130-master@b1b5d4c (2024-08-10T10:02:42Z) for Minecraft 1.21
[22:31:56] [ServerMain/INFO]: [PluginInitializerManager] Initializing plugins...
[22:31:57] [ServerMain/INFO]: [PluginInitializerManager] Initialized 1 plugin
[22:31:57] [ServerMain/INFO]: [PluginInitializerManager] Bukkit plugins (1):
 - AuthMe (5.7.0-FORK-b53)
[22:32:09] [ServerMain/INFO]: Environment: Environment[sessionHost=https://sessionserver.mojang.com, servicesHost=https://api.minecraftservices.com, name=PROD]
[22:32:17] [ServerMain/INFO]: Loaded 1305 recipes
[22:32:18] [ServerMain/INFO]: Loaded 1437 advancements
[22:32:19] [Server thread/INFO]: Starting minecraft server version 1.21
[22:32:19] [Server thread/INFO]: Loading properties
[22:32:20] [Server thread/INFO]: This server is running Paper version 1.21-130-master@b1b5d4c (2024-08-10T10:02:42Z) (Implementing API version 1.21-R0.1-SNAPSHOT)
[22:32:21] [Server thread/INFO]: [spark] This server bundles the spark profiler. For more information please visit https://docs.papermc.io/paper/profiling
[22:32:21] [Server thread/INFO]: Using 4 threads for Netty based IO
[22:32:21] [Server thread/INFO]: Server Ping Player Sample Count: 12
[22:32:23] [Server thread/INFO]: [ChunkTaskScheduler] Chunk system is using 1 I/O threads, 1 worker threads, and population gen parallelism of 1 threads
[22:32:23] [Server thread/INFO]: Default game type: SURVIVAL
[22:32:23] [Server thread/INFO]: Generating keypair
[22:32:23] [Server thread/INFO]: Starting Minecraft server on *:25565
[22:32:24] [Server thread/INFO]: Using epoll channel type
[22:32:24] [Server thread/INFO]: Paper: Using libdeflate (Linux x86_64) compression from Velocity.
[22:32:24] [Server thread/INFO]: Paper: Using OpenSSL 3.0.x (Linux x86_64) cipher from Velocity.
[22:32:24] [Server thread/INFO]: [AuthMe] Loading server plugin AuthMe v5.7.0-FORK-b53
[22:32:24] [Server thread/INFO]: Server permissions file permissions.yml is empty, ignoring it
[22:32:24] [Server thread/WARN]: **** SERVER IS RUNNING IN OFFLINE/INSECURE MODE!
[22:32:24] [Server thread/WARN]: The server will make no attempt to authenticate usernames. Beware.
[22:32:24] [Server thread/WARN]: While this makes the game possible to play without internet access, it also opens up the ability for hackers to connect with any username they choose.
[22:32:24] [Server thread/WARN]: To change this, set "online-mode" to "true" in the server.properties file.
[22:32:24] [Server thread/INFO]: Preparing level "world"
[22:32:25] [Server thread/INFO]: Preparing start region for dimension minecraft:overworld
[22:32:27] [Server thread/INFO]: Time elapsed: 1818 ms
[22:32:27] [Server thread/INFO]: Preparing start region for dimension minecraft:the_nether
[22:32:27] [Server thread/INFO]: Time elapsed: 192 ms
[22:32:27] [Server thread/INFO]: Preparing start region for dimension minecraft:the_end
[22:32:28] [Server thread/INFO]: Time elapsed: 203 ms
[22:32:28] [Server thread/INFO]: [AuthMe] Enabling AuthMe v5.7.0-FORK-b53
[22:32:28] [Server thread/INFO]: [AuthMe] You are running an unofficial fork version of AuthMe!
[22:32:29] [Server thread/INFO]: [AuthMe] SQLite Setup finished
[22:32:30] [Server thread/INFO]: [AuthMe] No supported permissions system found! Permissions are disabled!
[22:32:33] [Server thread/INFO]: [AuthMe] 
    ___         __  __    __  ___   
   /   | __  __/ /_/ /_  /  |/  /__ 
  / /| |/ / / / __/ __ \/ /|_/ / _ \
 / ___ / /_/ / /_/ / / / /  / /  __/
/_/  |_\__,_/\__/_/ /_/_/  /_/\___/ 
                                    
[22:32:33] [Server thread/INFO]: [AuthMe] AuthMeReReloaded is running on Paper
[22:32:33] [Server thread/INFO]: [AuthMe] AuthMeReReloaded is enabled successfully!
[22:32:33] [Server thread/INFO]: [AuthMe] GitHub: https://github.com/HaHaWTH/AuthMeReReloaded/
[22:32:33] [Server thread/INFO]: [AuthMe] Checking for updates...
[22:32:33] [Server thread/INFO]: [spark] Starting background profiler...
[22:32:34] [Server thread/INFO]: Done preparing level "world" (10.064s)
[22:32:34] [Server thread/INFO]: Running delayed init tasks
[22:32:34] [Server thread/INFO]: Done (42.719s)! For help, type "help"
[22:32:34] [Server thread/INFO]: Timings Reset
[22:32:35] [Craft Scheduler Thread - 2 - AuthMe/INFO]: [AuthMe] You are running the latest version.
[22:33:39] [User Authenticator #0/INFO]: UUID of player Jockooooo is 3d359739-522f-32fc-98fe-8a2bbe64c41b
[22:33:42] [Server thread/INFO]: Jockooooo[/46.161.108.247:43096] logged in with entity id 164 at ([world]3.613673696022491, 63.41999998688698, 21.340450089461672)
[22:33:43] [Server thread/WARN]: [ca.spottedleaf.moonrise.patches.chunk_system.level.entity.EntityLookup] Entity uuid already exists: 465a9565-4b1b-4c85-9371-ab3f242f0bbe, mapped to Bat['Bat'/91, uuid='465a9565-4b1b-4c85-9371-ab3f242f0bbe', l='ServerLevel[world]', x=8.92, y=36.05, z=34.05, cpos=[0, 2], tl=279, v=true], can't add Bat['Bat'/165, uuid='465a9565-4b1b-4c85-9371-ab3f242f0bbe', l='ServerLevel[world]', x=15.45, y=13.07, z=64.01, cpos=[0, 4], tl=1246, v=false]
[22:33:43] [Server thread/WARN]: [ca.spottedleaf.moonrise.patches.chunk_system.level.entity.EntityLookup] Entity uuid already exists: 72ccf26e-8064-4b68-b536-e1645360406f, mapped to Bat['Bat'/96, uuid='72ccf26e-8064-4b68-b536-e1645360406f', l='ServerLevel[world]', x=-9.33, y=20.52, z=55.23, cpos=[-1, 3], tl=1115, v=true], can't add Bat['Bat'/166, uuid='72ccf26e-8064-4b68-b536-e1645360406f', l='ServerLevel[world]', x=8.34, y=-8.42, z=80.47, cpos=[0, 5], tl=2083, v=false]
[22:33:43] [Server thread/WARN]: Can't keep up! Is the server overloaded? Running 2728ms or 54 ticks behind
[22:33:46] [Craft Scheduler Thread - 5 - AuthMe/INFO]: [AuthMe] Jockooooo logged in 46.161.108.247
[22:36:30] [Server thread/INFO]: Jockooooo lost connection: Disconnected
[22:36:52] [User Authenticator #1/INFO]: UUID of player Jockooooo is 3d359739-522f-32fc-98fe-8a2bbe64c41b
[22:36:52] [Server thread/INFO]: Jockooooo[/46.161.108.247:42058] logged in with entity id 471 at ([world]16.064346627602067, 34.48506818453009, -5.478856855543053)
[22:36:53] [Craft Scheduler Thread - 8 - AuthMe/INFO]: [AuthMe] Jockooooo logged in 46.161.108.247
[22:36:53] [Server thread/INFO]: No entity was found
[22:36:53] [Server thread/INFO]: No entity was found
[22:36:54] [Server thread/INFO]: No entity was found
[22:36:54] [Server thread/INFO]: No entity was found
[22:36:55] [Server thread/INFO]: No entity was found
[22:36:55] [Server thread/INFO]: No entity was found
[22:36:56] [Server thread/INFO]: No entity was found
[22:36:56] [Server thread/INFO]: No entity was found
[22:36:56] [Server thread/INFO]: No entity was found
[22:36:57] [Server thread/INFO]: No entity was found
[22:36:57] [Server thread/INFO]: No entity was found
[22:36:58] [Server thread/INFO]: No entity was found
[22:36:58] [Server thread/INFO]: No entity was found
[22:36:59] [Server thread/INFO]: Jockooooo fell out of the world
[22:38:56] [Server thread/INFO]: Jockooooo issued server command: /give Jockooooo stone 100
[22:38:56] [Server thread/INFO]: [Jockooooo: Gave 100 [Stone] to Jockooooo]
[22:44:41] [Server thread/INFO]: Jockooooo lost connection: Disconnected
